https://easylist-downloads.adblockplus.org/easylist.txt
https://easylist-downloads.adblockplus.org/abpindo+easylist.txt
https://raw.githubusercontent.com/ABPindo/indonesianadblockrules/master/subscriptions/abpindo.txt
https://easylist-downloads.adblockplus.org/bulgarian_list+easylist.txt
http://stanev.org/abp/adblock_bg.txt
https://easylist-downloads.adblockplus.org/easylistchina+easylist.txt
https://easylist-downloads.adblockplus.org/easylistchina.txt
https://easylist-downloads.adblockplus.org/easylistczechslovak+easylist.txt
https://raw.github.com/tomasko126/easylistczechandslovak/master/filters.txt
https://easylist-downloads.adblockplus.org/easylistdutch+easylist.txt
https://easylist-downloads.adblockplus.org/easylistdutch.txt
https://easylist-downloads.adblockplus.org/easylistgermany+easylist.txt
https://easylist-downloads.adblockplus.org/easylistgermany.txt
https://easylist-downloads.adblockplus.org/israellist+easylist.txt
https://raw.githubusercontent.com/ABPIsrael/EasyListHebrew/master/EasyListHebrew.txt
https://easylist-downloads.adblockplus.org/easylistitaly+easylist.txt
https://easylist-downloads.adblockplus.org/easylistitaly.txt
https://easylist-downloads.adblockplus.org/easylistlithuania+easylist.txt
http://margevicius.lt/easylistlithuania.txt
https://easylist-downloads.adblockplus.org/latvianlist+easylist.txt
https://notabug.org/latvian-list/adblock-latvian/raw/master/lists/latvian-list.txt
https://easylist-downloads.adblockplus.org/liste_ar+liste_fr+easylist.txt
https://easylist-downloads.adblockplus.org/Liste_AR.txt
https://easylist-downloads.adblockplus.org/liste_fr+easylist.txt
https://easylist-downloads.adblockplus.org/liste_fr.txt
https://easylist-downloads.adblockplus.org/rolist+easylist.txt
http://www.zoso.ro/pages/rolist.txt
https://easylist-downloads.adblockplus.org/ruadlist+easylist.txt
https://easylist-downloads.adblockplus.org/advblock.txt
https://easylist-downloads.adblockplus.org/easylistspanish.txt
https://easylist-downloads.adblockplus.org/easyprivacy+easylist.txt
https://easylist-downloads.adblockplus.org/easyprivacy.txt
http://adblock.gardar.net/is.abp.txt
http://www.void.gr/kargig/void-gr-filters.txt
http://bit.ly/11QrCfx
http://adblock.dajbych.net/adblock.txt
http://gurud.ee/ab.txt
http://abp.mozilla-hispano.org/nauscopio/filtros.txt
https://raw.githubusercontent.com/szpeter80/hufilter/master/hufilter.txt
http://pgl.yoyo.org/adservers/serverlist.php?hostformat
https://adblock.dk/block.csv
http://noads.it/filtri.txt
https://raw.githubusercontent.com/yous/YousList/master/youslist.txt
https://easylist-downloads.adblockplus.org/antiadblockfilters.txt
https://easylist-downloads.adblockplus.org/adwarefilters.txt
https://easylist-downloads.adblockplus.org/fanboy-annoyance.txt
https://easylist-downloads.adblockplus.org/fanboy-social.txt
http://www.kiboke-studio.hr/i-dont-care-about-cookies/abp/
https://easylist-downloads.adblockplus.org/malwaredomains_full.txt
https://raw.github.com/liamja/Prebake/master/obtrusive.txt
https://raw.githubusercontent.com/Dawsey21/Lists/master/adblock-list.txt
